# JRE version: OpenJDK Runtime Environment Temurin-21.0.6+7 (21.0.6+7) (build 21.0.6+7-LTS)
# Java VM: OpenJDK 64-Bit Server VM Temurin-21.0.6+7 (21.0.6+7-LTS, mixed mode, sharing, tiered, compressed oops, compressed class ptrs, parallel gc, windows-amd64)
GC Precious Log:
 CardTable entry size: 512
 CPUs: 4 total, 4 available
 Memory: 6071M
 Large Page Support: Disabled
 NUMA Support: Disabled
 Compressed Oops: Enabled (32-bit)
 Alignments: Space 512K, Generation 512K, Heap 2M
 Heap Min Capacity: 100M
 Heap Initial Capacity: 100M
 Heap Max Capacity: 1G
 Pre-touch: Disabled
 Parallel Workers: 4
Heap:
 PSYoungGen      total 12800K, used 12374K [0x00000000eab00000, 0x00000000eb900000, 0x0000000100000000)
  eden space 12288K, 99% used [0x00000000eab00000,0x00000000eb6f5aa8,0x00000000eb700000)
  from space 512K, 25% used [0x00000000eb800000,0x00000000eb820000,0x00000000eb880000)
  to   space 512K, 0% used [0x00000000eb880000,0x00000000eb880000,0x00000000eb900000)
 ParOldGen       total 68608K, used 43320K [0x00000000c0000000, 0x00000000c4300000, 0x00000000eab00000)
  object space 68608K, 63% used [0x00000000c0000000,0x00000000c2a4e358,0x00000000c4300000)
 Metaspace       used 64184K, committed 65664K, reserved 1114112K
  class space    used 7830K, committed 8512K, reserved 1048576K
GC Heap History (20 events):
Event: 58.852 GC heap before
{Heap before GC invocations=57 (full 3):
 PSYoungGen      total 13824K, used 13393K [0x00000000eab00000, 0x00000000eb980000, 0x0000000100000000)
  eden space 12800K, 100% used [0x00000000eab00000,0x00000000eb780000,0x00000000eb780000)
  from space 1024K, 57% used [0x00000000eb780000,0x00000000eb8144f0,0x00000000eb880000)
  to   space 1024K, 0% used [0x00000000eb880000,0x00000000eb880000,0x00000000eb980000)
 ParOldGen       total 68608K, used 41316K [0x00000000c0000000, 0x00000000c4300000, 0x00000000eab00000)
  object space 68608K, 60% used [0x00000000c0000000,0x00000000c2859138,0x00000000c4300000)
 Metaspace       used 60885K, committed 62208K, reserved 1114112K
  class space    used 7449K, committed 8000K, reserved 1048576K
}
Event: 58.854 GC heap after
{Heap after GC invocations=57 (full 3):
 PSYoungGen      total 13312K, used 251K [0x00000000eab00000, 0x00000000eb900000, 0x0000000100000000)
  eden space 12800K, 0% used [0x00000000eab00000,0x00000000eab00000,0x00000000eb780000)
  from space 512K, 49% used [0x00000000eb880000,0x00000000eb8beef0,0x00000000eb900000)
  to   space 512K, 0% used [0x00000000eb800000,0x00000000eb800000,0x00000000eb880000)
 ParOldGen       total 68608K, used 41749K [0x00000000c0000000, 0x00000000c4300000, 0x00000000eab00000)
  object space 68608K, 60% used [0x00000000c0000000,0x00000000c28c5438,0x00000000c4300000)
 Metaspace       used 60885K, committed 62208K, reserved 1114112K
  class space    used 7449K, committed 8000K, reserved 1048576K
}
Event: 59.561 GC heap before
{Heap before GC invocations=58 (full 3):
 PSYoungGen      total 13312K, used 13047K [0x00000000eab00000, 0x00000000eb900000, 0x0000000100000000)
  eden space 12800K, 99% used [0x00000000eab00000,0x00000000eb77f0f0,0x00000000eb780000)
  from space 512K, 49% used [0x00000000eb880000,0x00000000eb8beef0,0x00000000eb900000)
  to   space 512K, 0% used [0x00000000eb800000,0x00000000eb800000,0x00000000eb880000)
 ParOldGen       total 68608K, used 41749K [0x00000000c0000000, 0x00000000c4300000, 0x00000000eab00000)
  object space 68608K, 60% used [0x00000000c0000000,0x00000000c28c5438,0x00000000c4300000)
 Metaspace       used 61654K, committed 63040K, reserved 1114112K
  class space    used 7573K, committed 8192K, reserved 1048576K
}
Event: 59.563 GC heap after
{Heap after GC invocations=58 (full 3):
 PSYoungGen      total 13312K, used 352K [0x00000000eab00000, 0x00000000eb900000, 0x0000000100000000)
  eden space 12800K, 0% used [0x00000000eab00000,0x00000000eab00000,0x00000000eb780000)
  from space 512K, 68% used [0x00000000eb800000,0x00000000eb858000,0x00000000eb880000)
  to   space 512K, 0% used [0x00000000eb880000,0x00000000eb880000,0x00000000eb900000)
 ParOldGen       total 68608K, used 41795K [0x00000000c0000000, 0x00000000c4300000, 0x00000000eab00000)
  object space 68608K, 60% used [0x00000000c0000000,0x00000000c28d0ed0,0x00000000c4300000)
 Metaspace       used 61654K, committed 63040K, reserved 1114112K
  class space    used 7573K, committed 8192K, reserved 1048576K
}
Event: 69.796 GC heap before
{Heap before GC invocations=59 (full 3):
 PSYoungGen      total 13312K, used 13151K [0x00000000eab00000, 0x00000000eb900000, 0x0000000100000000)
  eden space 12800K, 99% used [0x00000000eab00000,0x00000000eb77ffe8,0x00000000eb780000)
  from space 512K, 68% used [0x00000000eb800000,0x00000000eb858000,0x00000000eb880000)
  to   space 512K, 0% used [0x00000000eb880000,0x00000000eb880000,0x00000000eb900000)
 ParOldGen       total 68608K, used 41795K [0x00000000c0000000, 0x00000000c4300000, 0x00000000eab00000)
  object space 68608K, 60% used [0x00000000c0000000,0x00000000c28d0ed0,0x00000000c4300000)
 Metaspace       used 62781K, committed 64192K, reserved 1114112K
  class space    used 7724K, committed 8320K, reserved 1048576K
}
Event: 69.799 GC heap after
{Heap after GC invocations=59 (full 3):
 PSYoungGen      total 12800K, used 480K [0x00000000eab00000, 0x00000000eba80000, 0x0000000100000000)
  eden space 12288K, 0% used [0x00000000eab00000,0x00000000eab00000,0x00000000eb700000)
  from space 512K, 93% used [0x00000000eb880000,0x00000000eb8f8020,0x00000000eb900000)
  to   space 1536K, 0% used [0x00000000eb700000,0x00000000eb700000,0x00000000eb880000)
 ParOldGen       total 68608K, used 42275K [0x00000000c0000000, 0x00000000c4300000, 0x00000000eab00000)
  object space 68608K, 61% used [0x00000000c0000000,0x00000000c2948ed0,0x00000000c4300000)
 Metaspace       used 62781K, committed 64192K, reserved 1114112K
  class space    used 7724K, committed 8320K, reserved 1048576K
}
Event: 70.928 GC heap before
{Heap before GC invocations=60 (full 3):
 PSYoungGen      total 12800K, used 12768K [0x00000000eab00000, 0x00000000eba80000, 0x0000000100000000)
  eden space 12288K, 100% used [0x00000000eab00000,0x00000000eb700000,0x00000000eb700000)
  from space 512K, 93% used [0x00000000eb880000,0x00000000eb8f8020,0x00000000eb900000)
  to   space 1536K, 0% used [0x00000000eb700000,0x00000000eb700000,0x00000000eb880000)
 ParOldGen       total 68608K, used 42275K [0x00000000c0000000, 0x00000000c4300000, 0x00000000eab00000)
  object space 68608K, 61% used [0x00000000c0000000,0x00000000c2948ed0,0x00000000c4300000)
 Metaspace       used 63266K, committed 64640K, reserved 1114112K
  class space    used 7764K, committed 8384K, reserved 1048576K
}
Event: 70.929 GC heap after
{Heap after GC invocations=60 (full 3):
 PSYoungGen      total 13824K, used 128K [0x00000000eab00000, 0x00000000eb900000, 0x0000000100000000)
  eden space 12288K, 0% used [0x00000000eab00000,0x00000000eab00000,0x00000000eb700000)
  from space 1536K, 8% used [0x00000000eb700000,0x00000000eb720000,0x00000000eb880000)
  to   space 512K, 0% used [0x00000000eb880000,0x00000000eb880000,0x00000000eb900000)
 ParOldGen       total 68608K, used 42733K [0x00000000c0000000, 0x00000000c4300000, 0x00000000eab00000)
  object space 68608K, 62% used [0x00000000c0000000,0x00000000c29bb6a8,0x00000000c4300000)
 Metaspace       used 63266K, committed 64640K, reserved 1114112K
  class space    used 7764K, committed 8384K, reserved 1048576K
}
Event: 71.522 GC heap before
{Heap before GC invocations=61 (full 3):
 PSYoungGen      total 13824K, used 12416K [0x00000000eab00000, 0x00000000eb900000, 0x0000000100000000)
  eden space 12288K, 100% used [0x00000000eab00000,0x00000000eb700000,0x00000000eb700000)
  from space 1536K, 8% used [0x00000000eb700000,0x00000000eb720000,0x00000000eb880000)
  to   space 512K, 0% used [0x00000000eb880000,0x00000000eb880000,0x00000000eb900000)
 ParOldGen       total 68608K, used 42733K [0x00000000c0000000, 0x00000000c4300000, 0x00000000eab00000)
  object space 68608K, 62% used [0x00000000c0000000,0x00000000c29bb6a8,0x00000000c4300000)
 Metaspace       used 63277K, committed 64704K, reserved 1114112K
  class space    used 7766K, committed 8384K, reserved 1048576K
}
Event: 71.523 GC heap after
{Heap after GC invocations=61 (full 3):
 PSYoungGen      total 12800K, used 128K [0x00000000eab00000, 0x00000000eb900000, 0x0000000100000000)
  eden space 12288K, 0% used [0x00000000eab00000,0x00000000eab00000,0x00000000eb700000)
  from space 512K, 25% used [0x00000000eb880000,0x00000000eb8a0000,0x00000000eb900000)
  to   space 512K, 0% used [0x00000000eb800000,0x00000000eb800000,0x00000000eb880000)
 ParOldGen       total 68608K, used 42832K [0x00000000c0000000, 0x00000000c4300000, 0x00000000eab00000)
  object space 68608K, 62% used [0x00000000c0000000,0x00000000c29d4318,0x00000000c4300000)
 Metaspace       used 63277K, committed 64704K, reserved 1114112K
  class space    used 7766K, committed 8384K, reserved 1048576K
}
Event: 84.858 GC heap before
{Heap before GC invocations=62 (full 3):
 PSYoungGen      total 12800K, used 12416K [0x00000000eab00000, 0x00000000eb900000, 0x0000000100000000)
  eden space 12288K, 100% used [0x00000000eab00000,0x00000000eb700000,0x00000000eb700000)
  from space 512K, 25% used [0x00000000eb880000,0x00000000eb8a0000,0x00000000eb900000)
  to   space 512K, 0% used [0x00000000eb800000,0x00000000eb800000,0x00000000eb880000)
 ParOldGen       total 68608K, used 42832K [0x00000000c0000000, 0x00000000c4300000, 0x00000000eab00000)
  object space 68608K, 62% used [0x00000000c0000000,0x00000000c29d4318,0x00000000c4300000)
 Metaspace       used 63862K, committed 65216K, reserved 1114112K
  class space    used 7808K, committed 8448K, reserved 1048576K
}
Event: 84.862 GC heap after
{Heap after GC invocations=62 (full 3):
 PSYoungGen      total 12800K, used 432K [0x00000000eab00000, 0x00000000eb900000, 0x0000000100000000)
  eden space 12288K, 0% used [0x00000000eab00000,0x00000000eab00000,0x00000000eb700000)
  from space 512K, 84% used [0x00000000eb800000,0x00000000eb86c010,0x00000000eb880000)
  to   space 512K, 0% used [0x00000000eb880000,0x00000000eb880000,0x00000000eb900000)
 ParOldGen       total 68608K, used 42872K [0x00000000c0000000, 0x00000000c4300000, 0x00000000eab00000)
  object space 68608K, 62% used [0x00000000c0000000,0x00000000c29de318,0x00000000c4300000)
 Metaspace       used 63862K, committed 65216K, reserved 1114112K
  class space    used 7808K, committed 8448K, reserved 1048576K
}
Event: 91.176 GC heap before
{Heap before GC invocations=63 (full 3):
 PSYoungGen      total 12800K, used 12720K [0x00000000eab00000, 0x00000000eb900000, 0x0000000100000000)
  eden space 12288K, 100% used [0x00000000eab00000,0x00000000eb700000,0x00000000eb700000)
  from space 512K, 84% used [0x00000000eb800000,0x00000000eb86c010,0x00000000eb880000)
  to   space 512K, 0% used [0x00000000eb880000,0x00000000eb880000,0x00000000eb900000)
 ParOldGen       total 68608K, used 42872K [0x00000000c0000000, 0x00000000c4300000, 0x00000000eab00000)
  object space 68608K, 62% used [0x00000000c0000000,0x00000000c29de318,0x00000000c4300000)
 Metaspace       used 64045K, committed 65472K, reserved 1114112K
  class space    used 7812K, committed 8448K, reserved 1048576K
}
Event: 91.177 GC heap after
{Heap after GC invocations=63 (full 3):
 PSYoungGen      total 12800K, used 128K [0x00000000eab00000, 0x00000000eb900000, 0x0000000100000000)
  eden space 12288K, 0% used [0x00000000eab00000,0x00000000eab00000,0x00000000eb700000)
  from space 512K, 25% used [0x00000000eb880000,0x00000000eb8a0000,0x00000000eb900000)
  to   space 512K, 0% used [0x00000000eb800000,0x00000000eb800000,0x00000000eb880000)
 ParOldGen       total 68608K, used 43224K [0x00000000c0000000, 0x00000000c4300000, 0x00000000eab00000)
  object space 68608K, 63% used [0x00000000c0000000,0x00000000c2a36358,0x00000000c4300000)
 Metaspace       used 64045K, committed 65472K, reserved 1114112K
  class space    used 7812K, committed 8448K, reserved 1048576K
}
Event: 99.201 GC heap before
{Heap before GC invocations=64 (full 3):
 PSYoungGen      total 12800K, used 12416K [0x00000000eab00000, 0x00000000eb900000, 0x0000000100000000)
  eden space 12288K, 100% used [0x00000000eab00000,0x00000000eb700000,0x00000000eb700000)
  from space 512K, 25% used [0x00000000eb880000,0x00000000eb8a0000,0x00000000eb900000)
  to   space 512K, 0% used [0x00000000eb800000,0x00000000eb800000,0x00000000eb880000)
 ParOldGen       total 68608K, used 43224K [0x00000000c0000000, 0x00000000c4300000, 0x00000000eab00000)
  object space 68608K, 63% used [0x00000000c0000000,0x00000000c2a36358,0x00000000c4300000)
 Metaspace       used 64091K, committed 65536K, reserved 1114112K
  class space    used 7819K, committed 8448K, reserved 1048576K
}
Event: 99.202 GC heap after
{Heap after GC invocations=64 (full 3):
 PSYoungGen      total 12800K, used 128K [0x00000000eab00000, 0x00000000eb900000, 0x0000000100000000)
  eden space 12288K, 0% used [0x00000000eab00000,0x00000000eab00000,0x00000000eb700000)
  from space 512K, 25% used [0x00000000eb800000,0x00000000eb820000,0x00000000eb880000)
  to   space 512K, 0% used [0x00000000eb880000,0x00000000eb880000,0x00000000eb900000)
 ParOldGen       total 68608K, used 43264K [0x00000000c0000000, 0x00000000c4300000, 0x00000000eab00000)
  object space 68608K, 63% used [0x00000000c0000000,0x00000000c2a40358,0x00000000c4300000)
 Metaspace       used 64091K, committed 65536K, reserved 1114112K
  class space    used 7819K, committed 8448K, reserved 1048576K
}
Event: 101.614 GC heap before
{Heap before GC invocations=65 (full 3):
 PSYoungGen      total 12800K, used 12416K [0x00000000eab00000, 0x00000000eb900000, 0x0000000100000000)
  eden space 12288K, 100% used [0x00000000eab00000,0x00000000eb700000,0x00000000eb700000)
  from space 512K, 25% used [0x00000000eb800000,0x00000000eb820000,0x00000000eb880000)
  to   space 512K, 0% used [0x00000000eb880000,0x00000000eb880000,0x00000000eb900000)
 ParOldGen       total 68608K, used 43264K [0x00000000c0000000, 0x00000000c4300000, 0x00000000eab00000)
  object space 68608K, 63% used [0x00000000c0000000,0x00000000c2a40358,0x00000000c4300000)
 Metaspace       used 64092K, committed 65536K, reserved 1114112K
  class space    used 7819K, committed 8448K, reserved 1048576K
}
Event: 101.616 GC heap after
{Heap after GC invocations=65 (full 3):
 PSYoungGen      total 12800K, used 96K [0x00000000eab00000, 0x00000000eb900000, 0x0000000100000000)
  eden space 12288K, 0% used [0x00000000eab00000,0x00000000eab00000,0x00000000eb700000)
  from space 512K, 18% used [0x00000000eb880000,0x00000000eb898000,0x00000000eb900000)
  to   space 512K, 0% used [0x00000000eb800000,0x00000000eb800000,0x00000000eb880000)
 ParOldGen       total 68608K, used 43320K [0x00000000c0000000, 0x00000000c4300000, 0x00000000eab00000)
  object space 68608K, 63% used [0x00000000c0000000,0x00000000c2a4e358,0x00000000c4300000)
 Metaspace       used 64092K, committed 65536K, reserved 1114112K
  class space    used 7819K, committed 8448K, reserved 1048576K
}
Event: 105.895 GC heap before
{Heap before GC invocations=66 (full 3):
 PSYoungGen      total 12800K, used 12384K [0x00000000eab00000, 0x00000000eb900000, 0x0000000100000000)
  eden space 12288K, 100% used [0x00000000eab00000,0x00000000eb700000,0x00000000eb700000)
  from space 512K, 18% used [0x00000000eb880000,0x00000000eb898000,0x00000000eb900000)
  to   space 512K, 0% used [0x00000000eb800000,0x00000000eb800000,0x00000000eb880000)
 ParOldGen       total 68608K, used 43320K [0x00000000c0000000, 0x00000000c4300000, 0x00000000eab00000)
  object space 68608K, 63% used [0x00000000c0000000,0x00000000c2a4e358,0x00000000c4300000)
 Metaspace       used 64154K, committed 65600K, reserved 1114112K
  class space    used 7829K, committed 8512K, reserved 1048576K
}
Event: 105.895 GC heap after
{Heap after GC invocations=66 (full 3):
 PSYoungGen      total 12800K, used 128K [0x00000000eab00000, 0x00000000eb900000, 0x0000000100000000)
  eden space 12288K, 0% used [0x00000000eab00000,0x00000000eab00000,0x00000000eb700000)
  from space 512K, 25% used [0x00000000eb800000,0x00000000eb820000,0x00000000eb880000)
  to   space 512K, 0% used [0x00000000eb880000,0x00000000eb880000,0x00000000eb900000)
 ParOldGen       total 68608K, used 43320K [0x00000000c0000000, 0x00000000c4300000, 0x00000000eab00000)
  object space 68608K, 63% used [0x00000000c0000000,0x00000000c2a4e358,0x00000000c4300000)
 Metaspace       used 64154K, committed 65600K, reserved 1114112K
  class space    used 7829K, committed 8512K, reserved 1048576K
}

