# JRE version: OpenJDK Runtime Environment Temurin-17.0.11+9 (17.0.11+9) (build 17.0.11+9)
# Java VM: OpenJDK 64-Bit Server VM Temurin-17.0.11+9 (17.0.11+9, mixed mode, sharing, tiered, compressed oops, compressed class ptrs, g1 gc, windows-amd64)
GC Precious Log:
 CPUs: 4 total, 4 available
 Memory: 6071M
 Large Page Support: Disabled
 NUMA Support: Disabled
 Compressed Oops: Enabled (32-bit)
 Heap Region Size: 1M
 Heap Min Capacity: 8M
 Heap Initial Capacity: 96M
 Heap Max Capacity: 1518M
 Pre-touch: Disabled
 Parallel Workers: 4
 Concurrent Workers: 1
 Concurrent Refinement Workers: 4
 Periodic GC: Disabled
Heap:
 garbage-first heap   total 92160K, used 56317K [0x00000000a1200000, 0x0000000100000000)
  region size 1024K, 20 young (20480K), 5 survivors (5120K)
 Metaspace       used 31345K, committed 31552K, reserved 1114112K
  class space    used 3878K, committed 3968K, reserved 1048576K
GC Heap History (12 events):
Event: 1.918 GC heap before
{Heap before GC invocations=0 (full 0):
 garbage-first heap   total 98304K, used 17408K [0x00000000a1200000, 0x0000000100000000)
  region size 1024K, 13 young (13312K), 0 survivors (0K)
 Metaspace       used 4408K, committed 4608K, reserved 1114112K
  class space    used 351K, committed 448K, reserved 1048576K
}
Event: 1.926 GC heap after
{Heap after GC invocations=1 (full 0):
 garbage-first heap   total 98304K, used 6460K [0x00000000a1200000, 0x0000000100000000)
  region size 1024K, 2 young (2048K), 2 survivors (2048K)
 Metaspace       used 4408K, committed 4608K, reserved 1114112K
  class space    used 351K, committed 448K, reserved 1048576K
}
Event: 4.097 GC heap before
{Heap before GC invocations=1 (full 0):
 garbage-first heap   total 98304K, used 21820K [0x00000000a1200000, 0x0000000100000000)
  region size 1024K, 18 young (18432K), 2 survivors (2048K)
 Metaspace       used 8998K, committed 9216K, reserved 1114112K
  class space    used 970K, committed 1088K, reserved 1048576K
}
Event: 4.105 GC heap after
{Heap after GC invocations=2 (full 0):
 garbage-first heap   total 98304K, used 7268K [0x00000000a1200000, 0x0000000100000000)
  region size 1024K, 1 young (1024K), 1 survivors (1024K)
 Metaspace       used 8998K, committed 9216K, reserved 1114112K
  class space    used 970K, committed 1088K, reserved 1048576K
}
Event: 6.577 GC heap before
{Heap before GC invocations=2 (full 0):
 garbage-first heap   total 98304K, used 71780K [0x00000000a1200000, 0x0000000100000000)
  region size 1024K, 57 young (58368K), 1 survivors (1024K)
 Metaspace       used 17074K, committed 17408K, reserved 1114112K
  class space    used 2233K, committed 2368K, reserved 1048576K
}
Event: 6.625 GC heap after
{Heap after GC invocations=3 (full 0):
 garbage-first heap   total 98304K, used 26114K [0x00000000a1200000, 0x0000000100000000)
  region size 1024K, 8 young (8192K), 8 survivors (8192K)
 Metaspace       used 17074K, committed 17408K, reserved 1114112K
  class space    used 2233K, committed 2368K, reserved 1048576K
}
Event: 6.951 GC heap before
{Heap before GC invocations=3 (full 0):
 garbage-first heap   total 98304K, used 43522K [0x00000000a1200000, 0x0000000100000000)
  region size 1024K, 22 young (22528K), 8 survivors (8192K)
 Metaspace       used 17102K, committed 17408K, reserved 1114112K
  class space    used 2233K, committed 2368K, reserved 1048576K
}
Event: 6.996 GC heap after
{Heap after GC invocations=4 (full 0):
 garbage-first heap   total 98304K, used 25943K [0x00000000a1200000, 0x0000000100000000)
  region size 1024K, 3 young (3072K), 3 survivors (3072K)
 Metaspace       used 17102K, committed 17408K, reserved 1114112K
  class space    used 2233K, committed 2368K, reserved 1048576K
}
Event: 10.738 GC heap before
{Heap before GC invocations=4 (full 0):
 garbage-first heap   total 98304K, used 50519K [0x00000000a1200000, 0x0000000100000000)
  region size 1024K, 27 young (27648K), 3 survivors (3072K)
 Metaspace       used 21238K, committed 21504K, reserved 1114112K
  class space    used 2883K, committed 3008K, reserved 1048576K
}
Event: 10.757 GC heap after
{Heap after GC invocations=5 (full 0):
 garbage-first heap   total 98304K, used 25600K [0x00000000a1200000, 0x0000000100000000)
  region size 1024K, 3 young (3072K), 3 survivors (3072K)
 Metaspace       used 21238K, committed 21504K, reserved 1114112K
  class space    used 2883K, committed 3008K, reserved 1048576K
}
Event: 14.313 GC heap before
{Heap before GC invocations=6 (full 0):
 garbage-first heap   total 92160K, used 73728K [0x00000000a1200000, 0x0000000100000000)
  region size 1024K, 39 young (39936K), 3 survivors (3072K)
 Metaspace       used 27892K, committed 28096K, reserved 1114112K
  class space    used 3513K, committed 3584K, reserved 1048576K
}
Event: 14.334 GC heap after
{Heap after GC invocations=7 (full 0):
 garbage-first heap   total 92160K, used 41981K [0x00000000a1200000, 0x0000000100000000)
  region size 1024K, 5 young (5120K), 5 survivors (5120K)
 Metaspace       used 27892K, committed 28096K, reserved 1114112K
  class space    used 3513K, committed 3584K, reserved 1048576K
}

