# JRE version: OpenJDK Runtime Environment Temurin-17.0.11+9 (17.0.11+9) (build 17.0.11+9)
# Java VM: OpenJDK 64-Bit Server VM Temurin-17.0.11+9 (17.0.11+9, mixed mode, sharing, tiered, compressed oops, compressed class ptrs, g1 gc, windows-amd64)
GC Precious Log:
 CPUs: 4 total, 4 available
 Memory: 6071M
 Large Page Support: Disabled
 NUMA Support: Disabled
 Compressed Oops: Enabled (32-bit)
 Heap Region Size: 1M
 Heap Min Capacity: 8M
 Heap Initial Capacity: 96M
 Heap Max Capacity: 2G
 Pre-touch: Disabled
 Parallel Workers: 4
 Concurrent Workers: 1
 Concurrent Refinement Workers: 4
 Periodic GC: Disabled
Heap:
 garbage-first heap   total 143360K, used 104949K [0x0000000080000000, 0x0000000100000000)
  region size 1024K, 20 young (20480K), 1 survivors (1024K)
 Metaspace       used 80046K, committed 81216K, reserved 557056K
  class space    used 11288K, committed 11840K, reserved 425984K
GC Heap History (20 events):
Event: 37.293 GC heap before
{Heap before GC invocations=29 (full 0):
 garbage-first heap   total 119808K, used 89779K [0x0000000080000000, 0x0000000100000000)
  region size 1024K, 29 young (29696K), 4 survivors (4096K)
 Metaspace       used 65793K, committed 66496K, reserved 491520K
  class space    used 9285K, committed 9600K, reserved 425984K
}
Event: 37.299 GC heap after
{Heap after GC invocations=30 (full 0):
 garbage-first heap   total 119808K, used 65972K [0x0000000080000000, 0x0000000100000000)
  region size 1024K, 3 young (3072K), 3 survivors (3072K)
 Metaspace       used 65793K, committed 66496K, reserved 491520K
  class space    used 9285K, committed 9600K, reserved 425984K
}
Event: 39.130 GC heap before
{Heap before GC invocations=30 (full 0):
 garbage-first heap   total 119808K, used 94644K [0x0000000080000000, 0x0000000100000000)
  region size 1024K, 32 young (32768K), 3 survivors (3072K)
 Metaspace       used 67250K, committed 67968K, reserved 491520K
  class space    used 9490K, committed 9856K, reserved 425984K
}
Event: 39.139 GC heap after
{Heap after GC invocations=31 (full 0):
 garbage-first heap   total 119808K, used 67529K [0x0000000080000000, 0x0000000100000000)
  region size 1024K, 3 young (3072K), 3 survivors (3072K)
 Metaspace       used 67250K, committed 67968K, reserved 491520K
  class space    used 9490K, committed 9856K, reserved 425984K
}
Event: 42.015 GC heap before
{Heap before GC invocations=32 (full 0):
 garbage-first heap   total 122880K, used 96201K [0x0000000080000000, 0x0000000100000000)
  region size 1024K, 31 young (31744K), 3 survivors (3072K)
 Metaspace       used 67924K, committed 68736K, reserved 491520K
  class space    used 9563K, committed 9984K, reserved 425984K
}
Event: 42.024 GC heap after
{Heap after GC invocations=33 (full 0):
 garbage-first heap   total 122880K, used 69417K [0x0000000080000000, 0x0000000100000000)
  region size 1024K, 4 young (4096K), 4 survivors (4096K)
 Metaspace       used 67924K, committed 68736K, reserved 491520K
  class space    used 9563K, committed 9984K, reserved 425984K
}
Event: 42.823 GC heap before
{Heap before GC invocations=33 (full 0):
 garbage-first heap   total 122880K, used 100137K [0x0000000080000000, 0x0000000100000000)
  region size 1024K, 34 young (34816K), 4 survivors (4096K)
 Metaspace       used 70366K, committed 71232K, reserved 491520K
  class space    used 9900K, committed 10304K, reserved 425984K
}
Event: 42.835 GC heap after
{Heap after GC invocations=34 (full 0):
 garbage-first heap   total 122880K, used 71196K [0x0000000080000000, 0x0000000100000000)
  region size 1024K, 4 young (4096K), 4 survivors (4096K)
 Metaspace       used 70366K, committed 71232K, reserved 491520K
  class space    used 9900K, committed 10304K, reserved 425984K
}
Event: 45.191 GC heap before
{Heap before GC invocations=35 (full 0):
 garbage-first heap   total 128000K, used 98844K [0x0000000080000000, 0x0000000100000000)
  region size 1024K, 32 young (32768K), 4 survivors (4096K)
 Metaspace       used 72596K, committed 73536K, reserved 491520K
  class space    used 10317K, committed 10752K, reserved 425984K
}
Event: 45.204 GC heap after
{Heap after GC invocations=36 (full 0):
 garbage-first heap   total 128000K, used 73294K [0x0000000080000000, 0x0000000100000000)
  region size 1024K, 4 young (4096K), 4 survivors (4096K)
 Metaspace       used 72596K, committed 73536K, reserved 491520K
  class space    used 10317K, committed 10752K, reserved 425984K
}
Event: 46.911 GC heap before
{Heap before GC invocations=36 (full 0):
 garbage-first heap   total 128000K, used 104014K [0x0000000080000000, 0x0000000100000000)
  region size 1024K, 35 young (35840K), 4 survivors (4096K)
 Metaspace       used 73565K, committed 74496K, reserved 491520K
  class space    used 10449K, committed 10880K, reserved 425984K
}
Event: 46.925 GC heap after
{Heap after GC invocations=37 (full 0):
 garbage-first heap   total 128000K, used 76099K [0x0000000080000000, 0x0000000100000000)
  region size 1024K, 5 young (5120K), 5 survivors (5120K)
 Metaspace       used 73565K, committed 74496K, reserved 491520K
  class space    used 10449K, committed 10880K, reserved 425984K
}
Event: 50.422 GC heap before
{Heap before GC invocations=38 (full 0):
 garbage-first heap   total 140288K, used 104771K [0x0000000080000000, 0x0000000100000000)
  region size 1024K, 33 young (33792K), 5 survivors (5120K)
 Metaspace       used 74571K, committed 75584K, reserved 491520K
  class space    used 10597K, committed 11072K, reserved 425984K
}
Event: 50.434 GC heap after
{Heap after GC invocations=39 (full 0):
 garbage-first heap   total 140288K, used 78640K [0x0000000080000000, 0x0000000100000000)
  region size 1024K, 3 young (3072K), 3 survivors (3072K)
 Metaspace       used 74571K, committed 75584K, reserved 491520K
  class space    used 10597K, committed 11072K, reserved 425984K
}
Event: 52.599 GC heap before
{Heap before GC invocations=39 (full 0):
 garbage-first heap   total 140288K, used 114480K [0x0000000080000000, 0x0000000100000000)
  region size 1024K, 38 young (38912K), 3 survivors (3072K)
 Metaspace       used 75743K, committed 76864K, reserved 557056K
  class space    used 10746K, committed 11264K, reserved 425984K
}
Event: 52.610 GC heap after
{Heap after GC invocations=40 (full 0):
 garbage-first heap   total 140288K, used 82057K [0x0000000080000000, 0x0000000100000000)
  region size 1024K, 5 young (5120K), 5 survivors (5120K)
 Metaspace       used 75743K, committed 76864K, reserved 557056K
  class space    used 10746K, committed 11264K, reserved 425984K
}
Event: 54.107 GC heap before
{Heap before GC invocations=41 (full 0):
 garbage-first heap   total 143360K, used 113801K [0x0000000080000000, 0x0000000100000000)
  region size 1024K, 37 young (37888K), 5 survivors (5120K)
 Metaspace       used 77673K, committed 78720K, reserved 557056K
  class space    used 10947K, committed 11456K, reserved 425984K
}
Event: 54.124 GC heap after
{Heap after GC invocations=42 (full 0):
 garbage-first heap   total 143360K, used 85875K [0x0000000080000000, 0x0000000100000000)
  region size 1024K, 4 young (4096K), 4 survivors (4096K)
 Metaspace       used 77673K, committed 78720K, reserved 557056K
  class space    used 10947K, committed 11456K, reserved 425984K
}
Event: 54.208 GC heap before
{Heap before GC invocations=42 (full 0):
 garbage-first heap   total 143360K, used 87923K [0x0000000080000000, 0x0000000100000000)
  region size 1024K, 7 young (7168K), 4 survivors (4096K)
 Metaspace       used 77912K, committed 78976K, reserved 557056K
  class space    used 10971K, committed 11456K, reserved 425984K
}
Event: 54.217 GC heap after
{Heap after GC invocations=43 (full 0):
 garbage-first heap   total 143360K, used 86517K [0x0000000080000000, 0x0000000100000000)
  region size 1024K, 1 young (1024K), 1 survivors (1024K)
 Metaspace       used 77912K, committed 78976K, reserved 557056K
  class space    used 10971K, committed 11456K, reserved 425984K
}

