# JRE version: OpenJDK Runtime Environment Temurin-17.0.11+9 (17.0.11+9) (build 17.0.11+9)
# Java VM: OpenJDK 64-Bit Server VM Temurin-17.0.11+9 (17.0.11+9, mixed mode, sharing, tiered, compressed oops, compressed class ptrs, g1 gc, windows-amd64)
GC Precious Log:
 CPUs: 4 total, 4 available
 Memory: 6071M
 Large Page Support: Disabled
 NUMA Support: Disabled
 Compressed Oops: Enabled (32-bit)
 Heap Region Size: 1M
 Heap Min Capacity: 8M
 Heap Initial Capacity: 96M
 Heap Max Capacity: 1518M
 Pre-touch: Disabled
 Parallel Workers: 4
 Concurrent Workers: 1
 Concurrent Refinement Workers: 4
 Periodic GC: Disabled
Heap:
 garbage-first heap   total 148480K, used 86814K [0x00000000a1200000, 0x0000000100000000)
  region size 1024K, 6 young (6144K), 3 survivors (3072K)
 Metaspace       used 71683K, committed 72064K, reserved 1114112K
  class space    used 7559K, committed 7744K, reserved 1048576K
GC Heap History (20 events):
Event: 18.471 GC heap before
{Heap before GC invocations=16 (full 0):
 garbage-first heap   total 130048K, used 91753K [0x00000000a1200000, 0x0000000100000000)
  region size 1024K, 27 young (27648K), 5 survivors (5120K)
 Metaspace       used 50981K, committed 51328K, reserved 1114112K
  class space    used 5726K, committed 5888K, reserved 1048576K
}
Event: 18.489 GC heap after
{Heap after GC invocations=17 (full 0):
 garbage-first heap   total 130048K, used 72887K [0x00000000a1200000, 0x0000000100000000)
  region size 1024K, 3 young (3072K), 3 survivors (3072K)
 Metaspace       used 50981K, committed 51328K, reserved 1114112K
  class space    used 5726K, committed 5888K, reserved 1048576K
}
Event: 20.260 GC heap before
{Heap before GC invocations=18 (full 0):
 garbage-first heap   total 130048K, used 107703K [0x00000000a1200000, 0x0000000100000000)
  region size 1024K, 35 young (35840K), 3 survivors (3072K)
 Metaspace       used 51315K, committed 51648K, reserved 1114112K
  class space    used 5745K, committed 5888K, reserved 1048576K
}
Event: 20.277 GC heap after
{Heap after GC invocations=19 (full 0):
 garbage-first heap   total 130048K, used 78848K [0x00000000a1200000, 0x0000000100000000)
  region size 1024K, 5 young (5120K), 5 survivors (5120K)
 Metaspace       used 51315K, committed 51648K, reserved 1114112K
  class space    used 5745K, committed 5888K, reserved 1048576K
}
Event: 20.300 GC heap before
{Heap before GC invocations=19 (full 0):
 garbage-first heap   total 130048K, used 79872K [0x00000000a1200000, 0x0000000100000000)
  region size 1024K, 6 young (6144K), 5 survivors (5120K)
 Metaspace       used 51334K, committed 51648K, reserved 1114112K
  class space    used 5746K, committed 5888K, reserved 1048576K
}
Event: 20.314 GC heap after
{Heap after GC invocations=20 (full 0):
 garbage-first heap   total 130048K, used 79203K [0x00000000a1200000, 0x0000000100000000)
  region size 1024K, 1 young (1024K), 1 survivors (1024K)
 Metaspace       used 51334K, committed 51648K, reserved 1114112K
  class space    used 5746K, committed 5888K, reserved 1048576K
}
Event: 21.891 GC heap before
{Heap before GC invocations=20 (full 0):
 garbage-first heap   total 130048K, used 106851K [0x00000000a1200000, 0x0000000100000000)
  region size 1024K, 28 young (28672K), 1 survivors (1024K)
 Metaspace       used 51720K, committed 52032K, reserved 1114112K
  class space    used 5761K, committed 5888K, reserved 1048576K
}
Event: 21.899 GC heap after
{Heap after GC invocations=21 (full 0):
 garbage-first heap   total 130048K, used 80849K [0x00000000a1200000, 0x0000000100000000)
  region size 1024K, 3 young (3072K), 3 survivors (3072K)
 Metaspace       used 51720K, committed 52032K, reserved 1114112K
  class space    used 5761K, committed 5888K, reserved 1048576K
}
Event: 23.283 GC heap before
{Heap before GC invocations=22 (full 0):
 garbage-first heap   total 143360K, used 106449K [0x00000000a1200000, 0x0000000100000000)
  region size 1024K, 28 young (28672K), 3 survivors (3072K)
 Metaspace       used 53853K, committed 54208K, reserved 1114112K
  class space    used 5968K, committed 6144K, reserved 1048576K
}
Event: 23.292 GC heap after
{Heap after GC invocations=23 (full 0):
 garbage-first heap   total 143360K, used 81619K [0x00000000a1200000, 0x0000000100000000)
  region size 1024K, 1 young (1024K), 1 survivors (1024K)
 Metaspace       used 53853K, committed 54208K, reserved 1114112K
  class space    used 5968K, committed 6144K, reserved 1048576K
}
Event: 23.463 GC heap before
{Heap before GC invocations=23 (full 0):
 garbage-first heap   total 143360K, used 86739K [0x00000000a1200000, 0x0000000100000000)
  region size 1024K, 7 young (7168K), 1 survivors (1024K)
 Metaspace       used 55011K, committed 55296K, reserved 1114112K
  class space    used 6077K, committed 6208K, reserved 1048576K
}
Event: 23.470 GC heap after
{Heap after GC invocations=24 (full 0):
 garbage-first heap   total 143360K, used 81727K [0x00000000a1200000, 0x0000000100000000)
  region size 1024K, 1 young (1024K), 1 survivors (1024K)
 Metaspace       used 55011K, committed 55296K, reserved 1114112K
  class space    used 6077K, committed 6208K, reserved 1048576K
}
Event: 25.581 GC heap before
{Heap before GC invocations=24 (full 0):
 garbage-first heap   total 143360K, used 117567K [0x00000000a1200000, 0x0000000100000000)
  region size 1024K, 36 young (36864K), 1 survivors (1024K)
 Metaspace       used 59749K, committed 60096K, reserved 1114112K
  class space    used 6553K, committed 6720K, reserved 1048576K
}
Event: 25.594 GC heap after
{Heap after GC invocations=25 (full 0):
 garbage-first heap   total 143360K, used 85265K [0x00000000a1200000, 0x0000000100000000)
  region size 1024K, 5 young (5120K), 5 survivors (5120K)
 Metaspace       used 59749K, committed 60096K, reserved 1114112K
  class space    used 6553K, committed 6720K, reserved 1048576K
}
Event: 27.386 GC heap before
{Heap before GC invocations=26 (full 0):
 garbage-first heap   total 148480K, used 115985K [0x00000000a1200000, 0x0000000100000000)
  region size 1024K, 37 young (37888K), 5 survivors (5120K)
 Metaspace       used 67495K, committed 67840K, reserved 1114112K
  class space    used 7272K, committed 7424K, reserved 1048576K
}
Event: 27.403 GC heap after
{Heap after GC invocations=27 (full 0):
 garbage-first heap   total 148480K, used 84827K [0x00000000a1200000, 0x0000000100000000)
  region size 1024K, 2 young (2048K), 2 survivors (2048K)
 Metaspace       used 67495K, committed 67840K, reserved 1114112K
  class space    used 7272K, committed 7424K, reserved 1048576K
}
Event: 27.782 GC heap before
{Heap before GC invocations=27 (full 0):
 garbage-first heap   total 148480K, used 89947K [0x00000000a1200000, 0x0000000100000000)
  region size 1024K, 7 young (7168K), 2 survivors (2048K)
 Metaspace       used 68181K, committed 68544K, reserved 1114112K
  class space    used 7319K, committed 7488K, reserved 1048576K
}
Event: 27.793 GC heap after
{Heap after GC invocations=28 (full 0):
 garbage-first heap   total 148480K, used 82566K [0x00000000a1200000, 0x0000000100000000)
  region size 1024K, 1 young (1024K), 1 survivors (1024K)
 Metaspace       used 68181K, committed 68544K, reserved 1114112K
  class space    used 7319K, committed 7488K, reserved 1048576K
}
Event: 29.984 GC heap before
{Heap before GC invocations=28 (full 0):
 garbage-first heap   total 148480K, used 122502K [0x00000000a1200000, 0x0000000100000000)
  region size 1024K, 40 young (40960K), 1 survivors (1024K)
 Metaspace       used 71064K, committed 71424K, reserved 1114112K
  class space    used 7498K, committed 7680K, reserved 1048576K
}
Event: 29.992 GC heap after
{Heap after GC invocations=29 (full 0):
 garbage-first heap   total 148480K, used 84766K [0x00000000a1200000, 0x0000000100000000)
  region size 1024K, 3 young (3072K), 3 survivors (3072K)
 Metaspace       used 71064K, committed 71424K, reserved 1114112K
  class space    used 7498K, committed 7680K, reserved 1048576K
}

